<?xml version="1.0" encoding="UTF-8"?>
<!-- Generated by org.testng.reporters.JUnitXMLReporter -->
<testsuite hostname="C02W2206HV29" ignored="0" name="Default test" tests="1" failures="0" timestamp="2022-03-09T23:02:12 IST" time="0.065" errors="0">
  <testcase name="@BeforeTest launchbrowser" time="-1.646847132143E9" classname="seleniumassigment.BasicLaunch">
    <failure type="org.testng.TestNGException" message="
Parameter &amp;apos;browserName&amp;apos; is required by BeforeTest on method launchbrowser but has not been marked @Optional or defined
in /private/var/folders/6q/k7qhwk951wd1c03tr37sjtx00000gn/T/testng-eclipse-1632335544/testng-customsuite.xml">
      <![CDATA[org.testng.TestNGException: 
Parameter 'browserName' is required by BeforeTest on method launchbrowser but has not been marked @Optional or defined
in /private/var/folders/6q/k7qhwk951wd1c03tr37sjtx00000gn/T/testng-eclipse-1632335544/testng-customsuite.xml
at org.testng.internal.Parameters.createParams(Parameters.java:268)
at org.testng.internal.Parameters.createParametersForMethod(Parameters.java:356)
at org.testng.internal.Parameters.createParameters(Parameters.java:700)
at org.testng.internal.Parameters.createConfigurationParameters(Parameters.java:166)
at org.testng.internal.ConfigInvoker.invokeConfigurations(ConfigInvoker.java:301)
at org.testng.TestRunner.invokeTestConfigurations(TestRunner.java:617)
at org.testng.TestRunner.beforeRun(TestRunner.java:607)
at org.testng.TestRunner.run(TestRunner.java:578)
at org.testng.SuiteRunner.runTest(SuiteRunner.java:384)
at org.testng.SuiteRunner.runSequentially(SuiteRunner.java:378)
at org.testng.SuiteRunner.privateRun(SuiteRunner.java:337)
at org.testng.SuiteRunner.run(SuiteRunner.java:286)
at org.testng.SuiteRunnerWorker.runSuite(SuiteRunnerWorker.java:53)
at org.testng.SuiteRunnerWorker.run(SuiteRunnerWorker.java:96)
at org.testng.TestNG.runSuitesSequentially(TestNG.java:1218)
at org.testng.TestNG.runSuitesLocally(TestNG.java:1140)
at org.testng.TestNG.runSuites(TestNG.java:1069)
at org.testng.TestNG.run(TestNG.java:1037)
at org.testng.remote.AbstractRemoteTestNG.run(AbstractRemoteTestNG.java:115)
at org.testng.remote.RemoteTestNG.initAndRun(RemoteTestNG.java:251)
at org.testng.remote.RemoteTestNG.main(RemoteTestNG.java:77)
]]>
    </failure>
  </testcase> <!-- @BeforeTest launchbrowser -->
  <testcase name="@AfterTest tearDown" time="-1.646847132198E9" classname="seleniumassigment.BasicLaunch">
    <skipped/>
  </testcase> <!-- @AfterTest tearDown -->
  <testcase name="navigateTo" time="0.0" classname="seleniumassigment.BasicLaunch">
    <skipped/>
  </testcase> <!-- navigateTo -->
</testsuite> <!-- Default test -->
