<?xml version="1.0" encoding="UTF-8"?>
<!-- Generated by org.testng.reporters.JUnitXMLReporter -->
<testsuite hostname="C02W2206HV29" ignored="0" name="check" tests="8" failures="1" timestamp="2022-03-10T22:10:07 IST" time="30.197" errors="0">
  <testcase name="HomePageVerify" time="0.035" classname="testcases.LoginTestCase"/>
  <testcase name="Moneymap" time="2.815" classname="testcases.LoginTestCase"/>
  <testcase name="verifyAccountAcctivity" time="5.055" classname="testcases.LoginTestCase"/>
  <testcase name="verifyMoneyMap" time="0.054" classname="testcases.LoginTestCase">
    <failure type="java.lang.AssertionError" message="null">
      <![CDATA[java.lang.AssertionError: null
at testcases.LoginTestCase.verifyMoneyMap(LoginTestCase.java:123)
at java.util.ArrayList.forEach(ArrayList.java:1259)
... Removed 29 stack frames]]>
    </failure>
  </testcase> <!-- verifyMoneyMap -->
  <testcase name="verifycategoryonVerifyMoneyMap" time="0.917" classname="testcases.LoginTestCase"/>
  <testcase name="verifydeposittotal" time="3.131" classname="testcases.LoginTestCase"/>
  <testcase name="verifyspendingtotal" time="3.064" classname="testcases.LoginTestCase"/>
  <testcase name="whatslefttotall" time="3.11" classname="testcases.LoginTestCase"/>
</testsuite> <!-- check -->
